<!doctype html><html lang=zh-cn>
<head>
<link rel=preload href=/lib/font-awesome/webfonts/fa-brands-400.woff2 as=font type=font/woff2 crossorigin=anonymous>
<link rel=preload href=/lib/font-awesome/webfonts/fa-regular-400.woff2 as=font type=font/woff2 crossorigin=anonymous>
<link rel=preload href=/lib/font-awesome/webfonts/fa-solid-900.woff2 as=font type=font/woff2 crossorigin=anonymous>
<link rel=preload href=/lib/JetBrainsMono/web/woff2/JetBrainsMono-Regular.woff2 as=font type=font/woff2 crossorigin=anonymous>
<meta charset=utf-8>
<meta http-equiv=x-ua-compatible content="IE=edge">
<title> postgres sql 调优一例 | wd and cc</title>
<link rel=canonical href=https://wdicc.com/analyse-and-vacuum-in-postgres/>
<meta name=viewport content="width=device-width,initial-scale=1">
<meta name=robots content="all,follow">
<meta name=googlebot content="index,follow,snippet,archive">
<meta property="og:title" content="postgres sql 调优一例">
<meta property="og:description" content="前几天发现有个 sql 跑的超慢，第一次拿到 sql 大家简单分析了一下，觉得是写的有问题，里面有对一个大表的查询，">
<meta property="og:type" content="article">
<meta property="og:url" content="https://wdicc.com/analyse-and-vacuum-in-postgres/"><meta property="article:section" content="posts">
<meta property="article:published_time" content="2012-03-03T00:00:00+00:00">
<meta property="article:modified_time" content="2012-03-03T00:00:00+00:00">
<meta name=twitter:card content="summary">
<meta name=twitter:title content="postgres sql 调优一例">
<meta name=twitter:description content="前几天发现有个 sql 跑的超慢，第一次拿到 sql 大家简单分析了一下，觉得是写的有问题，里面有对一个大表的查询，">
<link rel=stylesheet href=https://wdicc.com/css/styles.94f653e9e151e28067a7c5dbbc4600cbd5a3c721e79faaf971e523c40f3b249b8e4f20bb57810dfffa8d559ca5c140fd56eb4cd9c0853113ad08e66afdb08bdd.css integrity="sha512-lPZT6eFR4oBnp8XbvEYAy9WjxyHnn6r5ceUjxA87JJuOTyC7V4EN//qNVZylwUD9VutM2cCFMROtCOZq/bCL3Q=="><!--[if lt IE 9]><script src=https://oss.maxcdn.com/html5shiv/3.7.2/html5shiv.min.js></script>
<script src=https://oss.maxcdn.com/respond/1.4.2/respond.min.js></script><![endif]-->
<link rel=icon type=image/png href=https://wdicc.com/favicon.ico>
</head>
<body class="max-width mx-auto px3 ltr">
<div class="content index py4">
<header id=header>
<a href=https://wdicc.com/>
<div id=logo style=background-image:url(https://wdicc.com/favicon.ico)></div>
<div id=title>
<h1>wd and cc</h1>
<span style=padding-left:50px>--- Happy every day</span>
</div>
</a>
<div id=nav>
<ul>
<li class=icon>
<a href=# aria-label=Menu><i class="fas fa-bars fa-2x" aria-hidden=true></i></a>
</li>
<li><a href=/>Home</a></li>
<li><a href=/posts>Posts</a></li>
<li><a href=/tags>Tags</a></li>
<li><a href="https://www.google.com.hk/search?sitesearch=https%3A%2F%2Fwdicc.com%2F&q=">Search</a></li>
<li><a href=/atom.xml>Subscribe</a></li>
</ul>
</div>
</header>
<article class=post itemscope itemtype=http://schema.org/BlogPosting>
<div class=content itemprop=articleBody>
<p>前几天发现有个 sql 跑的超慢，第一次拿到 sql 大家简单分析了一下，觉得是写的有问题，里面有对一个大表的查询，数据量大概 800 万，结果还和好几个小表做了 join，而且还是 left join，速度可想而知了。单独对那个大表查询，其实也就是几分钟的事情。<br>
</p><br>
<p><br>
所以建议就是先对小表做 join，然后再和大表做一次 join。不过结果并不理想，时间依然还是那么长。这个时候就得仔细看执行计划了，如下。<br>
</p><br>
<p><br>
能看到虽然人肉对 sql 做了一些优化，但是 sql 并没有按照我们的期望去执行，执行计划里面还是首选去查 fact_tuan_rank_detail 这个大表，速度肯定慢了。<br>
</p><br>
<pre class="prettyprint lang-text">
 Nested Loop Left Join  (cost=447.90..1003.43 rows=2 width=620)
   Join Filter: (team.id = team_arrive_city.team_id)
   ->  Nested Loop  (cost=77.62..85.98 rows=1 width=588)
         ->  HashAggregate  (cost=77.62..77.68 rows=1 width=71)
               ->  Index Scan using date_idx on fact_tuan_rank_detail  (cost=0.00..77.60 rows=1 width=71)
                     Index Cond: ((thedate >= '2012-02-25'::date) AND (thedate <= '2012-02-27'::date))
                     Filter: (((source)::text ~~ '%team%'::text) AND ((source)::text !~~ '%today%'::text) AND ((source)::text !~~ '%ongoing%'::text) AND ((s
ource)::text !~~ '%special%'::text))
         ->  Index Scan using team_pkey on team  (cost=0.00..8.28 rows=1 width=32)
               Index Cond: (team.id = fact_tuan_rank_detail.team_id)
               Filter: ((to_timestamp((team.end_time)::double precision))::date > '2012-02-27'::date)
   ->  HashAggregate  (cost=370.29..589.15 rows=14591 width=15)
         ->  Seq Scan on team_arrive_city  (cost=0.00..288.19 rows=16419 width=15)
(12 rows)
</pre><br>
<p><br>
仔细研究之后，发现了 rows=1 这个信息。这就是为什么查询分析器先对这个表做查询了，因为他认为这个表最小。<br>
</p><br>
<p><br>
此后对这个表执行了一下 <a href=http://www.postgresql.org/docs/9.1/static/sql-analyze.html>analyse</a> 命令，更新了一些统计信息。然后再看执行计划如下。<br>
</p><br>
<pre class="prettyprint lang-text">
 Hash Join  (cost=1210761.12..1326052.45 rows=2282704 width=620)
   Hash Cond: (fact_tuan_rank_detail.team_id = team.id)
   ->  HashAggregate  (cost=1203912.40..1265555.26 rows=1027381 width=71)
         ->  Index Scan using date_idx on fact_tuan_rank_detail  (cost=0.00..1075489.81 rows=10273807 width=71)
               Index Cond: ((thedate >= '2012-02-25'::date) AND (thedate <= '2012-02-27'::date))
               Filter: (((source)::text ~~ '%team%'::text) AND ((source)::text !~~ '%today%'::text) AND ((source)::text !~~ '%ongoing%'::text) AND ((source)
::text !~~ '%special%'::text))
   ->  Hash  (cost=6666.33..6666.33 rows=14591 width=64)
         ->  Merge Left Join  (cost=6414.63..6666.33 rows=14591 width=64)
               Merge Cond: (team.id = b.team_id)
               ->  Sort  (cost=4670.40..4686.82 rows=6567 width=32)
                     Sort Key: team.id
                     ->  Seq Scan on team  (cost=0.00..4254.02 rows=6567 width=32)
                           Filter: ((to_timestamp((end_time)::double precision))::date > '2012-02-27'::date)
               ->  Sort  (cost=1744.23..1780.71 rows=14591 width=40)
                     Sort Key: b.team_id
                     ->  Subquery Scan on b  (cost=370.29..735.06 rows=14591 width=40)
                           ->  HashAggregate  (cost=370.29..589.15 rows=14591 width=15)
                                 ->  Seq Scan on team_arrive_city  (cost=0.00..288.19 rows=16419 width=15)
(18 rows)
</pre><br>
<p><br>
可以看到执行计划已经变了，先做其他表的 join，最后再和大表 join。并且提示的执行时间也大致靠谱。<br>
</p><br>
<p><br>
从这里面引申一下，时常会听到有人说 explain 命令执行后得出的执行时间不靠谱，需要使用 explain analyse。可是为什么不靠谱呢，其实 explain analyse 需要的时间和实际执行时间一样，explain 不靠谱的原因是因为数据库对那个表的统计信息不及时导致的。<br>
</p><br>
<p><br>
再进一步了解，postgres 里面这个统计信息为什么不靠谱呢？难道还总是需要我维护这些信息啊？<br>
</p><br>
<p><br>
其实 postgres 里面有个 autovacuum 进程就是做这个事情的。autovacuum 进程默认是启用的。他会在数据库空闲的时候，对数据库做 vavcuum 和 analyse。具体多久执行一次，<a href=http://www.postgresql.org/docs/9.1/static/routine-vacuuming.html>文档</a> 里面都有写，建议多看看这个页面里面的信息。<br>
</p><br>
<p><br>
此外，还发现 postgres 还提供了很多 <a href=http://www.postgresql.org/docs/9.1/static/monitoring-stats.html>数据库状态查询函数</a> ，使用这里面函数可以查到每个表最后一次 analyse 的时间，vacuum 的时<br>
间，里面索引被使用的情况等等，好多信息。<br>
</p><br>
ps: 使用 analyse 之后，那个 sql 好用了，可是发现过两天又不行了，查看 explain select * from t1 好像没问题，那怎么回事呢？开始没想明白，只好继续 analyse 一下，又好了。可过了两天又不行了。这次得细看了。最后发现是因为真实的 sql 是有 where 条件的，日期条件限定的那部分数据查询分析器认为很少导致了问题。没办法后面只好每次导数都 analyse 一下了。发现 pg_bulkload 导数的方式有点问题。<br>
</div>
</article>
<footer id=footer>
<div class=footer-left>
Copyright &copy; 2022 wd and cc
</div>
<div class=footer-right>
<nav>
<ul>
<li><a href=/>Home</a></li>
<li><a href=/posts>Posts</a></li>
<li><a href=/tags>Tags</a></li>
<li><a href="https://www.google.com.hk/search?sitesearch=https%3A%2F%2Fwdicc.com%2F&q=">Search</a></li>
<li><a href=/atom.xml>Subscribe</a></li>
</ul>
</nav>
</div>
</footer>
</div>
</body>
<link rel=stylesheet href=/lib/font-awesome/css/all.min.css>
<script src=/lib/jquery/jquery.min.js></script>
<script src=/js/main.js></script>
</html>